Arguments: 
  /home/bishnu/.nvm/versions/node/v19.2.0/bin/node /home/bishnu/.yarn/bin/yarn.js add @hotwired/stimulus

PATH: 
  /home/bishnu/.rbenv/versions/3.1.3/lib/ruby/gems/3.1.0/bin:/home/bishnu/.rbenv/versions/3.1.3/bin:/home/bishnu/.rbenv/libexec:/home/bishnu/.rbenv/plugins/ruby-build/bin:/home/bishnu/.nvm/versions/node/v19.2.0/bin:/home/bishnu/.yarn/bin:/home/bishnu/.config/yarn/global/node_modules/.bin:/usr/lib/postgresql/14/bin:/home/bishnu/.rbenv/shims:/home/bishnu/.rbenv/bin:/usr/local/sbin:/usr/local/bin:/usr/sbin:/usr/bin:/sbin:/bin:/usr/games:/usr/local/games:/snap/bin:/home/bishnu/.rvm/bin

Yarn version: 
  1.22.19

Node version: 
  19.2.0

Platform: 
  linux x64

Trace: 
  Error: getaddrinfo EAI_AGAIN registry.yarnpkg.com
      at GetAddrInfoReqWrap.onlookup [as oncomplete] (node:dns:107:26)

npm manifest: 
  {
    "name": "app",
    "private": "true",
    "scripts": {
      "build": "esbuild app/javascript/*.* --bundle --sourcemap --outdir=app/assets/builds --public-path=assets"
    }
  }

yarn manifest: 
  No manifest

Lockfile: 
  No lockfile
